0 info it worked if it ends with ok
1 verbose cli [ 'node', '/usr/local/bin/npm', 'install', 'webpack' ]
2 info using npm@2.11.2
3 info using node@v0.12.5
4 verbose install initial load of /Users/mychelleblake/TIY-projects/Assignment-22/package.json
5 verbose installManyTop reading scoped package data from /Users/mychelleblake/TIY-projects/Assignment-22/node_modules/backbone/package.json
6 verbose installManyTop reading scoped package data from /Users/mychelleblake/TIY-projects/Assignment-22/node_modules/css-loader/package.json
7 verbose installManyTop reading scoped package data from /Users/mychelleblake/TIY-projects/Assignment-22/node_modules/jquery/package.json
8 verbose installManyTop reading scoped package data from /Users/mychelleblake/TIY-projects/Assignment-22/node_modules/json-loader/package.json
9 verbose installManyTop reading scoped package data from /Users/mychelleblake/TIY-projects/Assignment-22/node_modules/jsx-loader/package.json
10 verbose installManyTop reading scoped package data from /Users/mychelleblake/TIY-projects/Assignment-22/node_modules/material-ui/package.json
11 verbose installManyTop reading scoped package data from /Users/mychelleblake/TIY-projects/Assignment-22/node_modules/react/package.json
12 verbose installManyTop reading scoped package data from /Users/mychelleblake/TIY-projects/Assignment-22/node_modules/react-count/package.json
13 verbose installManyTop reading scoped package data from /Users/mychelleblake/TIY-projects/Assignment-22/node_modules/react-dom/package.json
14 verbose installManyTop reading scoped package data from /Users/mychelleblake/TIY-projects/Assignment-22/node_modules/react-tap-event-plugin/package.json
15 verbose installManyTop reading scoped package data from /Users/mychelleblake/TIY-projects/Assignment-22/node_modules/save/package.json
16 verbose installManyTop reading scoped package data from /Users/mychelleblake/TIY-projects/Assignment-22/node_modules/style-loader/package.json
17 verbose installManyTop reading scoped package data from /Users/mychelleblake/TIY-projects/Assignment-22/node_modules/underscore/package.json
18 verbose installManyTop reading scoped package data from /Users/mychelleblake/TIY-projects/Assignment-22/node_modules/webpack/package.json
19 verbose installManyTop reading scoped package data from /Users/mychelleblake/TIY-projects/Assignment-22/node_modules/webpack-dev-server/package.json
20 info package.json jquery@2.1.4 No license field.
21 info package.json jsx-loader@0.13.2 license should be a valid SPDX license expression
22 info package.json react-tap-event-plugin@0.2.1 No license field.
23 info package.json save@2.1.1 No license field.
24 verbose readDependencies loading dependencies from /Users/mychelleblake/TIY-projects/Assignment-22/package.json
25 silly cache add args [ 'webpack', null ]
26 verbose cache add spec webpack
27 silly cache add parsed spec { raw: 'webpack',
27 silly cache add   scope: null,
27 silly cache add   name: 'webpack',
27 silly cache add   rawSpec: '',
27 silly cache add   spec: '*',
27 silly cache add   type: 'range' }
28 silly addNamed webpack@*
29 verbose addNamed "*" is a valid semver range for webpack
30 silly addNameRange { name: 'webpack', range: '*', hasData: false }
31 silly mapToRegistry name webpack
32 silly mapToRegistry using default registry
33 silly mapToRegistry registry https://registry.npmjs.org/
34 silly mapToRegistry uri https://registry.npmjs.org/webpack
35 verbose addNameRange registry:https://registry.npmjs.org/webpack not in flight; fetching
36 verbose request uri https://registry.npmjs.org/webpack
37 verbose request no auth needed
38 info attempt registry request try #1 at 3:01:52 PM
39 verbose request id 13a6ca3f218d19dc
40 verbose etag "ENXDZ8IAGAAQE1L31UFOFZ8LC"
41 http request GET https://registry.npmjs.org/webpack
42 http 304 https://registry.npmjs.org/webpack
43 silly get cb [ 304,
43 silly get   { date: 'Tue, 24 Nov 2015 23:01:52 GMT',
43 silly get     via: '1.1 varnish',
43 silly get     'cache-control': 'max-age=60',
43 silly get     etag: '"ENXDZ8IAGAAQE1L31UFOFZ8LC"',
43 silly get     age: '14',
43 silly get     connection: 'keep-alive',
43 silly get     'x-served-by': 'cache-lax1425-LAX',
43 silly get     'x-cache': 'HIT',
43 silly get     'x-cache-hits': '1',
43 silly get     'x-timer': 'S1448406112.891865,VS0,VE3',
43 silly get     vary: 'Accept' } ]
44 verbose etag https://registry.npmjs.org/webpack from cache
45 verbose get saving webpack to /Users/mychelleblake/.npm/registry.npmjs.org/webpack/.cache.json
46 silly addNameRange number 2 { name: 'webpack', range: '*', hasData: true }
47 silly addNameRange versions [ 'webpack',
47 silly addNameRange   [ '0.1.0',
47 silly addNameRange     '0.1.1',
47 silly addNameRange     '0.1.2',
47 silly addNameRange     '0.1.3',
47 silly addNameRange     '0.1.4',
47 silly addNameRange     '0.1.5',
47 silly addNameRange     '0.1.6',
47 silly addNameRange     '0.2.0',
47 silly addNameRange     '0.2.1',
47 silly addNameRange     '0.2.2',
47 silly addNameRange     '0.2.3',
47 silly addNameRange     '0.2.4',
47 silly addNameRange     '0.2.6',
47 silly addNameRange     '0.2.7',
47 silly addNameRange     '0.2.8',
47 silly addNameRange     '0.3.0',
47 silly addNameRange     '0.3.1',
47 silly addNameRange     '0.3.2',
47 silly addNameRange     '0.3.3',
47 silly addNameRange     '0.3.4',
47 silly addNameRange     '0.3.6',
47 silly addNameRange     '0.3.7',
47 silly addNameRange     '0.3.8',
47 silly addNameRange     '0.3.9',
47 silly addNameRange     '0.3.10',
47 silly addNameRange     '0.3.11',
47 silly addNameRange     '0.3.12',
47 silly addNameRange     '0.3.13',
47 silly addNameRange     '0.3.14',
47 silly addNameRange     '0.3.15',
47 silly addNameRange     '0.3.16',
47 silly addNameRange     '0.3.17',
47 silly addNameRange     '0.3.18',
47 silly addNameRange     '0.3.19',
47 silly addNameRange     '0.3.20',
47 silly addNameRange     '0.4.0',
47 silly addNameRange     '0.4.1',
47 silly addNameRange     '0.4.2',
47 silly addNameRange     '0.4.3',
47 silly addNameRange     '0.4.4',
47 silly addNameRange     '0.4.5',
47 silly addNameRange     '0.4.6',
47 silly addNameRange     '0.4.7',
47 silly addNameRange     '0.4.8',
47 silly addNameRange     '0.4.9',
47 silly addNameRange     '0.4.10',
47 silly addNameRange     '0.4.11',
47 silly addNameRange     '0.4.12',
47 silly addNameRange     '0.4.13',
47 silly addNameRange     '0.4.14',
47 silly addNameRange     '0.4.15',
47 silly addNameRange     '0.4.16',
47 silly addNameRange     '0.4.17',
47 silly addNameRange     '0.4.18',
47 silly addNameRange     '0.4.19',
47 silly addNameRange     '0.4.20',
47 silly addNameRange     '0.4.21',
47 silly addNameRange     '0.4.23',
47 silly addNameRange     '0.4.24',
47 silly addNameRange     '0.4.25',
47 silly addNameRange     '0.5.0',
47 silly addNameRange     '0.5.1',
47 silly addNameRange     '0.5.2',
47 silly addNameRange     '0.5.3',
47 silly addNameRange     '0.5.4',
47 silly addNameRange     '0.5.5',
47 silly addNameRange     '0.5.6',
47 silly addNameRange     '0.5.7',
47 silly addNameRange     '0.5.8',
47 silly addNameRange     '0.5.10',
47 silly addNameRange     '0.6.0',
47 silly addNameRange     '0.6.1',
47 silly addNameRange     '0.6.2',
47 silly addNameRange     '0.7.0-beta',
47 silly addNameRange     '0.7.0-beta2',
47 silly addNameRange     '0.7.0-beta3',
47 silly addNameRange     '0.7.0-beta4',
47 silly addNameRange     '0.7.0-beta5',
47 silly addNameRange     '0.7.0-beta6',
47 silly addNameRange     '0.7.0-beta7',
47 silly addNameRange     '0.7.0-beta8',
47 silly addNameRange     '0.7.0',
47 silly addNameRange     '0.7.1',
47 silly addNameRange     '0.7.2',
47 silly addNameRange     '0.7.3',
47 silly addNameRange     '0.7.4',
47 silly addNameRange     '0.7.5',
47 silly addNameRange     '0.7.6',
47 silly addNameRange     '0.7.7',
47 silly addNameRange     '0.7.8',
47 silly addNameRange     '0.7.9',
47 silly addNameRange     '0.7.11',
47 silly addNameRange     '0.7.12',
47 silly addNameRange     '0.7.13',
47 silly addNameRange     '0.7.14',
47 silly addNameRange     '0.7.15',
47 silly addNameRange     '0.7.16',
47 silly addNameRange     '0.7.17',
47 silly addNameRange     '0.8.0-beta1',
47 silly addNameRange     '0.8.0-beta2',
47 silly addNameRange     '0.8.0-beta3',
47 silly addNameRange     '0.8.0-beta4',
47 silly addNameRange     '0.8.0',
47 silly addNameRange     '0.8.2',
47 silly addNameRange     '0.8.3',
47 silly addNameRange     '0.9.0-beta1',
47 silly addNameRange     '0.9.0-beta2',
47 silly addNameRange     '0.9.0-beta4',
47 silly addNameRange     '0.9.0-beta5',
47 silly addNameRange     '0.9.0-beta6',
47 silly addNameRange     '0.9.0-beta7',
47 silly addNameRange     '0.9.0-beta8',
47 silly addNameRange     '0.9.0-beta9',
47 silly addNameRange     '0.9.0-beta10',
47 silly addNameRange     '0.9.0-beta11',
47 silly addNameRange     '0.9.0-beta12',
47 silly addNameRange     '0.9.0-beta13',
47 silly addNameRange     '0.9.0-beta14',
47 silly addNameRange     '0.9.0-beta15',
47 silly addNameRange     '0.9.0-beta16',
47 silly addNameRange     '0.9.0-beta17',
47 silly addNameRange     '0.9.0-beta18',
47 silly addNameRange     '0.9.0-beta19',
47 silly addNameRange     '0.9.0-beta20',
47 silly addNameRange     '0.9.0-beta21',
47 silly addNameRange     '0.9.0-beta22',
47 silly addNameRange     '0.9.0-beta23',
47 silly addNameRange     '0.9.0-beta24',
47 silly addNameRange     '0.9.0-beta25',
47 silly addNameRange     '0.9.0-beta26',
47 silly addNameRange     '0.9.0-beta27',
47 silly addNameRange     '0.9.0-beta28',
47 silly addNameRange     '0.9.0-beta29',
47 silly addNameRange     '0.9.0-beta30',
47 silly addNameRange     '0.9.0-beta31',
47 silly addNameRange     '0.9.0-beta32',
47 silly addNameRange     '0.9.0-beta33',
47 silly addNameRange     '0.9.0-beta34',
47 silly addNameRange     '0.9.0-beta35',
47 silly addNameRange     '0.9.0-beta36',
47 silly addNameRange     '0.9.0-beta37',
47 silly addNameRange     '0.9.0-beta38',
47 silly addNameRange     '0.9.0',
47 silly addNameRange     '0.9.1',
47 silly addNameRange     '0.9.2',
47 silly addNameRange     '0.9.3',
47 silly addNameRange     '0.10.0-beta2',
47 silly addNameRange     '0.10.0-beta3',
47 silly addNameRange     '0.10.0-beta5',
47 silly addNameRange     '0.10.0-beta6',
47 silly addNameRange     '0.10.0-beta7',
47 silly addNameRange     '0.10.0-beta8',
47 silly addNameRange     '0.10.0-beta9',
47 silly addNameRange     '0.10.0-beta10',
47 silly addNameRange     '0.10.0-beta11',
47 silly addNameRange     '0.10.0-beta12',
47 silly addNameRange     '0.10.0-beta13',
47 silly addNameRange     '0.10.0-beta14',
47 silly addNameRange     '0.10.0-beta15',
47 silly addNameRange     '0.10.0-beta16',
47 silly addNameRange     '0.10.0-beta17',
47 silly addNameRange     '0.10.0-beta18',
47 silly addNameRange     '0.10.0-beta19',
47 silly addNameRange     '0.10.0-beta20',
47 silly addNameRange     '0.10.0-beta21',
47 silly addNameRange     '0.10.0-beta22',
47 silly addNameRange     '0.10.0-beta23',
47 silly addNameRange     '0.10.0-beta24',
47 silly addNameRange     '0.10.0-beta25',
47 silly addNameRange     '0.10.0',
47 silly addNameRange     '0.11.0-beta1',
47 silly addNameRange     '0.11.0-beta2',
47 silly addNameRange     '0.11.0-beta3',
47 silly addNameRange     '0.11.0-beta4',
47 silly addNameRange     '0.11.0-beta5',
47 silly addNameRange     '0.11.0-beta6',
47 silly addNameRange     '0.11.0-beta7',
47 silly addNameRange     '0.11.0-beta8',
47 silly addNameRange     '0.11.0-beta9',
47 silly addNameRange     '0.11.0-beta10',
47 silly addNameRange     '0.11.0-beta11',
47 silly addNameRange     '0.11.0-beta12',
47 silly addNameRange     '0.11.0-beta13',
47 silly addNameRange     '0.11.0-beta14',
47 silly addNameRange     '0.11.0-beta15',
47 silly addNameRange     '0.11.0-beta16',
47 silly addNameRange     '0.11.0-beta17',
47 silly addNameRange     '0.11.0-beta18',
47 silly addNameRange     '0.11.0-beta19',
47 silly addNameRange     '0.11.0-beta20',
47 silly addNameRange     '0.11.0-beta21',
47 silly addNameRange     '0.11.0-beta22',
47 silly addNameRange     '0.11.0-beta23',
47 silly addNameRange     '0.11.0-beta24',
47 silly addNameRange     '0.11.0-beta25',
47 silly addNameRange     '0.11.0-beta26',
47 silly addNameRange     '0.11.0-beta27',
47 silly addNameRange     '0.11.0-beta28',
47 silly addNameRange     '0.11.0-beta29',
47 silly addNameRange     '0.11.0',
47 silly addNameRange     '0.11.1',
47 silly addNameRange     '0.11.2',
47 silly addNameRange     '0.11.3',
47 silly addNameRange     '0.11.4',
47 silly addNameRange     '0.11.5',
47 silly addNameRange     '0.11.6',
47 silly addNameRange     '0.11.7',
47 silly addNameRange     '0.11.8',
47 silly addNameRange     '0.11.9',
47 silly addNameRange     '0.11.10',
47 silly addNameRange     '0.11.11',
47 silly addNameRange     '0.11.12',
47 silly addNameRange     '0.11.13',
47 silly addNameRange     '0.11.14',
47 silly addNameRange     '0.11.15',
47 silly addNameRange     '1.0.0-beta1',
47 silly addNameRange     '1.0.0-beta2',
47 silly addNameRange     '1.0.0-beta3',
47 silly addNameRange     '1.0.0-beta4',
47 silly addNameRange     '0.11.16',
47 silly addNameRange     '0.11.17',
47 silly addNameRange     '0.11.18',
47 silly addNameRange     '1.0.0-beta5',
47 silly addNameRange     '1.0.0-beta6',
47 silly addNameRange     '1.0.0-beta7',
47 silly addNameRange     '1.0.0-beta8',
47 silly addNameRange     '1.0.0-beta9',
47 silly addNameRange     '1.0.0-rc1',
47 silly addNameRange     '1.0.0-rc2',
47 silly addNameRange     '1.0.0-rc3',
47 silly addNameRange     '1.0.0-rc4',
47 silly addNameRange     '1.0.0-rc5',
47 silly addNameRange     '1.0.0-rc7',
47 silly addNameRange     '1.0.0-rc8',
47 silly addNameRange     '1.0.0-rc9',
47 silly addNameRange     '1.0.0-rc11',
47 silly addNameRange     '1.0.0-rc12',
47 silly addNameRange     '1.0.0',
47 silly addNameRange     '1.0.1',
47 silly addNameRange     '1.0.3',
47 silly addNameRange     '1.0.4',
47 silly addNameRange     '1.0.5',
47 silly addNameRange     '1.1.0-beta1',
47 silly addNameRange     '1.1.0-beta2',
47 silly addNameRange     '1.1.0-beta3',
47 silly addNameRange     '1.1.0-beta4',
47 silly addNameRange     '1.1.0-beta5',
47 silly addNameRange     '1.1.0-beta6',
47 silly addNameRange     '1.1.0-beta7',
47 silly addNameRange     '1.1.0-beta8',
47 silly addNameRange     '1.1.0-beta9',
47 silly addNameRange     '1.1.0-beta10',
47 silly addNameRange     '1.1.0-beta12',
47 silly addNameRange     '1.1.0',
47 silly addNameRange     '1.1.1',
47 silly addNameRange     '1.1.2',
47 silly addNameRange     '1.1.3',
47 silly addNameRange     '1.1.4',
47 silly addNameRange     '1.1.5',
47 silly addNameRange     '1.1.6',
47 silly addNameRange     '1.1.7',
47 silly addNameRange     '1.1.8',
47 silly addNameRange     '1.1.9',
47 silly addNameRange     '1.1.10',
47 silly addNameRange     '1.1.11',
47 silly addNameRange     '1.2.0-beta1',
47 silly addNameRange     '1.2.0-beta2',
47 silly addNameRange     '1.2.0-beta4',
47 silly addNameRange     '1.2.0-beta5',
47 silly addNameRange     '1.2.0-beta6',
47 silly addNameRange     '1.3.0-beta1',
47 silly addNameRange     '1.3.0-beta2',
47 silly addNameRange     '1.3.0-beta3',
47 silly addNameRange     '1.3.0-beta4',
47 silly addNameRange     '1.3.0-beta5',
47 silly addNameRange     '1.3.0-beta6',
47 silly addNameRange     '1.3.0-beta7',
47 silly addNameRange     '1.3.0-beta8',
47 silly addNameRange     '1.3.0-beta9',
47 silly addNameRange     '1.3.1-beta1',
47 silly addNameRange     '1.3.1-beta2',
47 silly addNameRange     '1.3.1-beta3',
47 silly addNameRange     '1.3.1-beta4',
47 silly addNameRange     '1.3.1-beta5',
47 silly addNameRange     '1.3.1-beta6',
47 silly addNameRange     '1.3.1-beta7',
47 silly addNameRange     '1.3.1-beta8',
47 silly addNameRange     '1.3.1-beta9',
47 silly addNameRange     '1.3.2-beta1',
47 silly addNameRange     '1.3.2-beta2',
47 silly addNameRange     '1.3.2-beta3',
47 silly addNameRange     '1.3.2-beta4',
47 silly addNameRange     '1.3.2-beta5',
47 silly addNameRange     '1.3.2-beta6',
47 silly addNameRange     '1.3.2-beta7',
47 silly addNameRange     '1.3.2-beta8',
47 silly addNameRange     '1.3.2-beta9',
47 silly addNameRange     '1.3.3-beta1',
47 silly addNameRange     '1.3.3-beta2',
47 silly addNameRange     '1.3.4',
47 silly addNameRange     '1.3.5',
47 silly addNameRange     '1.3.6',
47 silly addNameRange     '1.3.7',
47 silly addNameRange     '1.4.0-beta1',
47 silly addNameRange     '1.4.0-beta2',
47 silly addNameRange     '1.4.0-beta3',
47 silly addNameRange     '1.4.0-beta4',
47 silly addNameRange     '1.4.0-beta5',
47 silly addNameRange     '1.4.0-beta6',
47 silly addNameRange     '1.4.0-beta7',
47 silly addNameRange     '1.4.0-beta8',
47 silly addNameRange     '1.4.0-beta9',
47 silly addNameRange     '1.4.0-beta10',
47 silly addNameRange     '1.4.1-beta1',
47 silly addNameRange     '1.4.2',
47 silly addNameRange     '1.4.3',
47 silly addNameRange     '1.4.4',
47 silly addNameRange     '1.4.5',
47 silly addNameRange     '1.4.6',
47 silly addNameRange     '1.4.7',
47 silly addNameRange     '1.4.8',
47 silly addNameRange     '1.4.9',
47 silly addNameRange     '1.4.10',
47 silly addNameRange     '1.4.11',
47 silly addNameRange     '1.4.12',
47 silly addNameRange     '1.4.13',
47 silly addNameRange     '1.4.14',
47 silly addNameRange     '1.4.15',
47 silly addNameRange     '1.5.0',
47 silly addNameRange     '1.5.1',
47 silly addNameRange     '1.5.2',
47 silly addNameRange     '1.5.3',
47 silly addNameRange     '1.6.0',
47 silly addNameRange     '1.7.0',
47 silly addNameRange     '1.7.1',
47 silly addNameRange     '1.7.2',
47 silly addNameRange     '1.7.3',
47 silly addNameRange     '1.8.0',
47 silly addNameRange     '1.8.1',
47 silly addNameRange     '1.8.2',
47 silly addNameRange     '1.8.3',
47 silly addNameRange     '1.8.4',
47 silly addNameRange     '1.8.5',
47 silly addNameRange     '1.8.6',
47 silly addNameRange     '1.8.7',
47 silly addNameRange     '1.8.8',
47 silly addNameRange     '1.8.9',
47 silly addNameRange     '1.8.10',
47 silly addNameRange     '1.8.11',
47 silly addNameRange     '1.9.0',
47 silly addNameRange     '1.9.1',
47 silly addNameRange     '1.9.2',
47 silly addNameRange     '1.9.3',
47 silly addNameRange     '1.9.4',
47 silly addNameRange     '1.9.5',
47 silly addNameRange     '1.9.6',
47 silly addNameRange     '1.9.7',
47 silly addNameRange     '1.9.8',
47 silly addNameRange     '1.9.9',
47 silly addNameRange     '1.9.10',
47 silly addNameRange     '1.9.11',
47 silly addNameRange     '1.9.12',
47 silly addNameRange     '1.9.13',
47 silly addNameRange     '1.10.0',
47 silly addNameRange     '1.10.1',
47 silly addNameRange     '1.10.2',
47 silly addNameRange     '1.10.3',
47 silly addNameRange     '1.10.4',
47 silly addNameRange     '1.10.5',
47 silly addNameRange     '1.11.0',
47 silly addNameRange     '1.12.0',
47 silly addNameRange     '1.12.1',
47 silly addNameRange     '1.12.2',
47 silly addNameRange     '2.0.0-beta',
47 silly addNameRange     '1.12.3',
47 silly addNameRange     '1.12.4',
47 silly addNameRange     '1.12.5',
47 silly addNameRange     '1.12.6',
47 silly addNameRange     '1.12.7',
47 silly addNameRange     '1.12.8',
47 silly addNameRange     '1.12.9',
47 silly addNameRange     '2.0.1-beta' ] ]
48 silly addNamed webpack@1.12.9
49 verbose addNamed "1.12.9" is a plain semver version for webpack
50 silly cache afterAdd webpack@1.12.9
51 verbose afterAdd /Users/mychelleblake/.npm/webpack/1.12.9/package/package.json not in flight; writing
52 verbose afterAdd /Users/mychelleblake/.npm/webpack/1.12.9/package/package.json written
53 silly install resolved [ { name: 'webpack',
53 silly install resolved     version: '1.12.9',
53 silly install resolved     author: { name: 'Tobias Koppers @sokra' },
53 silly install resolved     description: 'Packs CommonJs/AMD modules for the browser. Allows to split your codebase into multiple bundles, which can be loaded on demand. Support loaders to preprocess files, i.e. json, jade, coffee, css, less, ... and your custom stuff.',
53 silly install resolved     dependencies:
53 silly install resolved      { async: '^1.3.0',
53 silly install resolved        clone: '^1.0.2',
53 silly install resolved        'enhanced-resolve': '~0.9.0',
53 silly install resolved        esprima: '^2.5.0',
53 silly install resolved        interpret: '^0.6.4',
53 silly install resolved        'loader-utils': '^0.2.11',
53 silly install resolved        'memory-fs': '~0.3.0',
53 silly install resolved        mkdirp: '~0.5.0',
53 silly install resolved        'node-libs-browser': '>= 0.4.0 <=0.6.0',
53 silly install resolved        optimist: '~0.6.0',
53 silly install resolved        'supports-color': '^3.1.0',
53 silly install resolved        tapable: '~0.1.8',
53 silly install resolved        'uglify-js': '~2.6.0',
53 silly install resolved        watchpack: '^0.2.1',
53 silly install resolved        'webpack-core': '~0.6.0' },
53 silly install resolved     license: 'MIT',
53 silly install resolved     devDependencies:
53 silly install resolved      { benchmark: '^1.0.0',
53 silly install resolved        'bundle-loader': '~0.5.0',
53 silly install resolved        'codecov.io': '^0.1.2',
53 silly install resolved        'coffee-loader': '~0.7.1',
53 silly install resolved        'coffee-script': '^1.10.0',
53 silly install resolved        'component-webpack-plugin': '~0.2.0',
53 silly install resolved        coveralls: '^2.11.2',
53 silly install resolved        'css-loader': '~0.15.0',
53 silly install resolved        diff: '^2.0.2',
53 silly install resolved        eslint: '^1.1.0',
53 silly install resolved        'eslint-plugin-nodeca': '^1.0.3',
53 silly install resolved        express: '~4.13.1',
53 silly install resolved        'extract-text-webpack-plugin': '~0.8.0',
53 silly install resolved        'file-loader': '~0.8.0',
53 silly install resolved        glob: '^5.0.14',
53 silly install resolved        'i18n-webpack-plugin': '~0.2.0',
53 silly install resolved        istanbul: '^0.3.13',
53 silly install resolved        jade: '^1.11.0',
53 silly install resolved        'jade-loader': '~0.7.0',
53 silly install resolved        'js-beautify': '^1.5.10',
53 silly install resolved        'json-loader': '~0.5.1',
53 silly install resolved        less: '^2.5.1',
53 silly install resolved        'less-loader': '^2.0.0',
53 silly install resolved        mocha: '~2.2.0',
53 silly install resolved        'mocha-lcov-reporter': '0.0.2',
53 silly install resolved        'raw-loader': '~0.5.0',
53 silly install resolved        'script-loader': '~0.6.0',
53 silly install resolved        should: '^7.0.2',
53 silly install resolved        'style-loader': '~0.12.0',
53 silly install resolved        'url-loader': '~0.5.0',
53 silly install resolved        'val-loader': '~0.5.0',
53 silly install resolved        'vm-browserify': '~0.0.0',
53 silly install resolved        'webpack-dev-middleware': '^1.0.0',
53 silly install resolved        'worker-loader': '~0.6.0' },
53 silly install resolved     engines: { node: '>=0.6' },
53 silly install resolved     repository:
53 silly install resolved      { type: 'git',
53 silly install resolved        url: 'git+https://github.com/webpack/webpack.git' },
53 silly install resolved     homepage: 'https://github.com/webpack/webpack',
53 silly install resolved     main: 'lib/webpack.js',
53 silly install resolved     web: 'lib/webpack.web.js',
53 silly install resolved     bin: { webpack: './bin/webpack.js' },
53 silly install resolved     files: [ 'lib/', 'bin/', 'buildin/', 'hot/', 'web_modules/' ],
53 silly install resolved     scripts:
53 silly install resolved      { pretest: 'npm run lint && npm run beautify-lint',
53 silly install resolved        test: 'mocha',
53 silly install resolved        travis: 'npm run cover -- --report lcovonly',
53 silly install resolved        lint: 'eslint lib bin hot scripts',
53 silly install resolved        'beautify-lint': 'node ./scripts/beautify-check',
53 silly install resolved        beautify: 'node ./scripts/beautify-rewrite',
53 silly install resolved        precover: 'npm run lint && npm run beautify-lint',
53 silly install resolved        cover: 'istanbul cover -x *.runtime.js node_modules/mocha/bin/_mocha',
53 silly install resolved        'publish-patch': 'npm run lint && npm run beautify-lint && mocha && npm version patch && git push && git push --tags && npm publish' },
53 silly install resolved     gitHead: '9766f2bde3c3f3e7b3b0e914c9cb81ea3a12e823',
53 silly install resolved     bugs: { url: 'https://github.com/webpack/webpack/issues' },
53 silly install resolved     _id: 'webpack@1.12.9',
53 silly install resolved     _shasum: '2a031d66189839cc5cbf2c68f80566da2e14ff4e',
53 silly install resolved     _from: 'webpack@*',
53 silly install resolved     _npmVersion: '2.10.1',
53 silly install resolved     _nodeVersion: '0.12.4',
53 silly install resolved     _npmUser: { name: 'sokra', email: 'tobias.koppers@googlemail.com' },
53 silly install resolved     maintainers: [ [Object] ],
53 silly install resolved     dist:
53 silly install resolved      { shasum: '2a031d66189839cc5cbf2c68f80566da2e14ff4e',
53 silly install resolved        tarball: 'http://registry.npmjs.org/webpack/-/webpack-1.12.9.tgz' },
53 silly install resolved     directories: {},
53 silly install resolved     _resolved: 'https://registry.npmjs.org/webpack/-/webpack-1.12.9.tgz',
53 silly install resolved     readme: 'ERROR: No README data found!' } ]
54 info install webpack@1.12.9 into /Users/mychelleblake/TIY-projects/Assignment-22
55 info installOne webpack@1.12.9
56 verbose installOne of webpack to /Users/mychelleblake/TIY-projects/Assignment-22 not in flight; installing
57 verbose lock using /Users/mychelleblake/.npm/_locks/webpack-d3569c46e49def75.lock for /Users/mychelleblake/TIY-projects/Assignment-22/node_modules/webpack
58 silly install write writing webpack 1.12.9 to /Users/mychelleblake/TIY-projects/Assignment-22/node_modules/webpack
59 verbose unbuild node_modules/webpack
60 silly gentlyRm /Users/mychelleblake/TIY-projects/Assignment-22/node_modules/webpack is being purged from base /Users/mychelleblake/TIY-projects/Assignment-22
61 verbose gentlyRm don't care about contents; nuking /Users/mychelleblake/TIY-projects/Assignment-22/node_modules/webpack
62 silly vacuum-fs purging /Users/mychelleblake/TIY-projects/Assignment-22/node_modules/webpack
63 verbose unlock done using /Users/mychelleblake/.npm/_locks/webpack-d3569c46e49def75.lock for /Users/mychelleblake/TIY-projects/Assignment-22/node_modules/webpack
64 verbose stack Error: EACCES, unlink '/Users/mychelleblake/TIY-projects/Assignment-22/node_modules/webpack/node_modules/.bin/esparse'
64 verbose stack     at Error (native)
65 verbose cwd /Users/mychelleblake/TIY-projects/Assignment-22
66 error Darwin 14.5.0
67 error argv "node" "/usr/local/bin/npm" "install" "webpack"
68 error node v0.12.5
69 error npm  v2.11.2
70 error path /Users/mychelleblake/TIY-projects/Assignment-22/node_modules/webpack/node_modules/.bin/esparse
71 error code EACCES
72 error errno -13
73 error Error: EACCES, unlink '/Users/mychelleblake/TIY-projects/Assignment-22/node_modules/webpack/node_modules/.bin/esparse'
73 error     at Error (native)
73 error  { [Error: EACCES, unlink '/Users/mychelleblake/TIY-projects/Assignment-22/node_modules/webpack/node_modules/.bin/esparse']
73 error   errno: -13,
73 error   code: 'EACCES',
73 error   path: '/Users/mychelleblake/TIY-projects/Assignment-22/node_modules/webpack/node_modules/.bin/esparse' }
74 error Please try running this command again as root/Administrator.
75 verbose exit [ -13, true ]
76 verbose unbuild node_modules/webpack
77 silly gentlyRm /Users/mychelleblake/TIY-projects/Assignment-22/node_modules/webpack is being purged from base /Users/mychelleblake/TIY-projects/Assignment-22
78 verbose gentlyRm don't care about contents; nuking /Users/mychelleblake/TIY-projects/Assignment-22/node_modules/webpack
79 silly vacuum-fs purging /Users/mychelleblake/TIY-projects/Assignment-22/node_modules/webpack
80 error error rolling back Error: EACCES, unlink '/Users/mychelleblake/TIY-projects/Assignment-22/node_modules/webpack/node_modules/.bin/esvalidate'
80 error error rolling back     at Error (native)
80 error error rolling back  { [Error: EACCES, unlink '/Users/mychelleblake/TIY-projects/Assignment-22/node_modules/webpack/node_modules/.bin/esvalidate']
80 error error rolling back   errno: -13,
80 error error rolling back   code: 'EACCES',
80 error error rolling back   path: '/Users/mychelleblake/TIY-projects/Assignment-22/node_modules/webpack/node_modules/.bin/esvalidate' }
